<?xml version="1.0" encoding="UTF-8"?>
<!-- Generated by org.testng.reporters.JUnitReportReporter -->
<testsuite skipped="0" hostname="DESKTOP-DVUF5KI" name="com.useinsider.tests.JobApplicationTests" tests="1" failures="0" timestamp="06 Oct 2022 18:22:54 GMT" time="26.629" errors="0">
  <testcase name="verifyHomePageIsOpened" time="26.629" classname="com.useinsider.tests.JobApplicationTests"/>
</testsuite> <!-- com.useinsider.tests.JobApplicationTests -->
